<?xml version="1.0" encoding="UTF-8"?>
<!-- Generated by org.testng.reporters.JUnitXMLReporter -->
<testsuite hostname="Harish" ignored="9" name="Test" tests="4" failures="0" timestamp="30 Oct 2024 01:29:28 GMT" time="20.316" errors="0">
  <testcase name="instTest" time="3.035" classname="com.rameshsoft.automation.appln.businessscripts.InstTest"/>
  <testcase name="GmailPomTest" time="14.44" classname="com.rameshsoft.automation.appln.businessscripts.GmailPomTest"/>
  <testcase name="FpTest" time="1.36" classname="com.rameshsoft.automation.appln.businessscripts.FpTest"/>
  <testcase name="FbTest" time="0.843" classname="com.rameshsoft.automation.appln.businessscripts.FbTest"/>
  <testcase name="@AfterTest generateReports" time="0.0" classname="com.rameshsoft.automation.base.BaseTest">
    <ignored/>
  </testcase> <!-- @AfterTest generateReports -->
  <testcase name="@AfterTest generateReports" time="0.0" classname="com.rameshsoft.automation.base.BaseTest">
    <ignored/>
  </testcase> <!-- @AfterTest generateReports -->
  <testcase name="@AfterTest generateReports" time="0.0" classname="com.rameshsoft.automation.base.BaseTest">
    <ignored/>
  </testcase> <!-- @AfterTest generateReports -->
  <testcase name="@BeforeSuite openBrowser" time="0.0" classname="com.rameshsoft.automation.base.BaseTest">
    <ignored/>
  </testcase> <!-- @BeforeSuite openBrowser -->
  <testcase name="@BeforeSuite openBrowser" time="0.0" classname="com.rameshsoft.automation.base.BaseTest">
    <ignored/>
  </testcase> <!-- @BeforeSuite openBrowser -->
  <testcase name="@BeforeSuite openBrowser" time="0.0" classname="com.rameshsoft.automation.base.BaseTest">
    <ignored/>
  </testcase> <!-- @BeforeSuite openBrowser -->
  <testcase name="@BeforeTest initReports" time="0.0" classname="com.rameshsoft.automation.base.BaseTest">
    <ignored/>
  </testcase> <!-- @BeforeTest initReports -->
  <testcase name="@BeforeTest initReports" time="0.0" classname="com.rameshsoft.automation.base.BaseTest">
    <ignored/>
  </testcase> <!-- @BeforeTest initReports -->
  <testcase name="@BeforeTest initReports" time="0.0" classname="com.rameshsoft.automation.base.BaseTest">
    <ignored/>
  </testcase> <!-- @BeforeTest initReports -->
</testsuite> <!-- Test -->
